<?xml version="1.0" encoding="UTF-8"?>
<testng-results skipped="0" failed="0" total="2" passed="2">
  <reporter-output>
  </reporter-output>
  <suite name="test.com.GradereportTest" duration-ms="25" started-at="2019-03-08T00:54:11Z" finished-at="2019-03-08T00:54:11Z">
    <groups>
    </groups>
    <test name="Command line test" duration-ms="25" started-at="2019-03-08T00:54:11Z" finished-at="2019-03-08T00:54:11Z">
      <class name="test.com.GradereportTest">
        <test-method status="PASS" signature="setUpClass()[pri:0, instance:test.com.GradereportTest@649d209a]" name="setUpClass" is-config="true" duration-ms="10" started-at="2019-03-07T18:54:11Z" finished-at="2019-03-07T18:54:11Z">
          <reporter-output>
          </reporter-output>
        </test-method> <!-- setUpClass -->
        <test-method status="PASS" signature="setUpMethod()[pri:0, instance:test.com.GradereportTest@649d209a]" name="setUpMethod" is-config="true" duration-ms="1" started-at="2019-03-07T18:54:11Z" finished-at="2019-03-07T18:54:11Z">
          <reporter-output>
          </reporter-output>
        </test-method> <!-- setUpMethod -->
        <test-method status="PASS" signature="GradegetAvg()[pri:0, instance:test.com.GradereportTest@649d209a]" name="GradegetAvg" duration-ms="3" started-at="2019-03-07T18:54:11Z" finished-at="2019-03-07T18:54:11Z">
          <reporter-output>
          </reporter-output>
        </test-method> <!-- GradegetAvg -->
        <test-method status="PASS" signature="tearDownMethod()[pri:0, instance:test.com.GradereportTest@649d209a]" name="tearDownMethod" is-config="true" duration-ms="0" started-at="2019-03-07T18:54:11Z" finished-at="2019-03-07T18:54:11Z">
          <reporter-output>
          </reporter-output>
        </test-method> <!-- tearDownMethod -->
        <test-method status="PASS" signature="setUpMethod()[pri:0, instance:test.com.GradereportTest@649d209a]" name="setUpMethod" is-config="true" duration-ms="1" started-at="2019-03-07T18:54:11Z" finished-at="2019-03-07T18:54:11Z">
          <reporter-output>
          </reporter-output>
        </test-method> <!-- setUpMethod -->
        <test-method status="PASS" signature="GradegetTotal()[pri:0, instance:test.com.GradereportTest@649d209a]" name="GradegetTotal" duration-ms="0" started-at="2019-03-07T18:54:11Z" finished-at="2019-03-07T18:54:11Z">
          <reporter-output>
          </reporter-output>
        </test-method> <!-- GradegetTotal -->
        <test-method status="PASS" signature="tearDownMethod()[pri:0, instance:test.com.GradereportTest@649d209a]" name="tearDownMethod" is-config="true" duration-ms="0" started-at="2019-03-07T18:54:11Z" finished-at="2019-03-07T18:54:11Z">
          <reporter-output>
          </reporter-output>
        </test-method> <!-- tearDownMethod -->
        <test-method status="PASS" signature="tearDownClass()[pri:0, instance:test.com.GradereportTest@649d209a]" name="tearDownClass" is-config="true" duration-ms="0" started-at="2019-03-07T18:54:11Z" finished-at="2019-03-07T18:54:11Z">
          <reporter-output>
          </reporter-output>
        </test-method> <!-- tearDownClass -->
      </class> <!-- test.com.GradereportTest -->
    </test> <!-- Command line test -->
  </suite> <!-- test.com.GradereportTest -->
</testng-results>
